<?xml version="1.0" encoding="UTF-8"?>
<robot generator="Robot 7.0 (Python 3.12.5 on darwin)" generated="2025-02-11T21:35:50.667522" rpa="false" schemaversion="5">
<suite id="s1" name="Start" source="/Users/noesis/PROJETOS/APPS/robot-web-tests/robotWeb/start.robot">
<test id="s1-t1" name="Logar com User e Password Corretos" line="26">
<kw name="Acessar a aplicacao">
<kw name="Open Browser" owner="SeleniumLibrary">
<msg time="2025-02-11T21:35:50.766428" level="INFO">Opening browser 'chrome' to base url 'https://opensource-demo.orangehrmlive.com/web/index.php/auth/login'.</msg>
<arg>https://opensource-demo.orangehrmlive.com/web/index.php/auth/login</arg>
<arg>chrome</arg>
<doc>Opens a new browser instance to the optional ``url``.</doc>
<status status="PASS" start="2025-02-11T21:35:50.766337" elapsed="5.484213"/>
</kw>
<kw name="Wait Until Element Is Enabled" owner="SeleniumLibrary">
<arg>xpath://input[@name="username"]</arg>
<arg>10</arg>
<doc>Waits until the element ``locator`` is enabled.</doc>
<status status="PASS" start="2025-02-11T21:35:56.251277" elapsed="0.585320"/>
</kw>
<kw name="Input Text" owner="SeleniumLibrary">
<msg time="2025-02-11T21:35:56.837017" level="INFO">Typing text 'Admin' into text field 'xpath://input[@name="username"]'.</msg>
<arg>xpath://input[@name="username"]</arg>
<arg>${login}</arg>
<doc>Types the given ``text`` into the text field identified by ``locator``.</doc>
<status status="PASS" start="2025-02-11T21:35:56.836773" elapsed="0.122820"/>
</kw>
<kw name="Input Text" owner="SeleniumLibrary">
<msg time="2025-02-11T21:35:56.959889" level="INFO">Typing text 'admin123' into text field 'xpath://input[@name="password"]'.</msg>
<arg>xpath://input[@name="password"]</arg>
<arg>${password}</arg>
<doc>Types the given ``text`` into the text field identified by ``locator``.</doc>
<status status="PASS" start="2025-02-11T21:35:56.959716" elapsed="0.043291"/>
</kw>
<kw name="Click Button" owner="SeleniumLibrary">
<msg time="2025-02-11T21:35:57.003250" level="INFO">Clicking button 'xpath://button[text()=" Login "]'.</msg>
<arg>xpath://button[text()=" Login "]</arg>
<doc>Clicks the button identified by ``locator``.</doc>
<status status="PASS" start="2025-02-11T21:35:57.003130" elapsed="0.934448"/>
</kw>
<kw name="Sleep" owner="BuiltIn">
<msg time="2025-02-11T21:36:00.940521" level="INFO">Slept 3 seconds.</msg>
<arg>3</arg>
<doc>Pauses the test executed for the given time.</doc>
<status status="PASS" start="2025-02-11T21:35:57.937810" elapsed="3.003234"/>
</kw>
<kw name="Page Should Contain Image" owner="SeleniumLibrary">
<msg time="2025-02-11T21:36:00.954489" level="INFO">Current page contains image '//img[@src="/web/images/orangehrm-logo.png?v=1721393199309"]'.</msg>
<arg>//img[@src="/web/images/orangehrm-logo.png?v=1721393199309"]</arg>
<doc>Verifies image identified by ``locator`` is found from current page.</doc>
<status status="PASS" start="2025-02-11T21:36:00.941694" elapsed="0.012863"/>
</kw>
<kw name="Capture Page Screenshot" owner="SeleniumLibrary">
<msg time="2025-02-11T21:36:01.150768" level="INFO" html="true">&lt;/td&gt;&lt;/tr&gt;&lt;tr&gt;&lt;td colspan="3"&gt;&lt;a href="selenium-screenshot-2.png"&gt;&lt;img src="selenium-screenshot-2.png" width="800px"&gt;&lt;/a&gt;</msg>
<doc>Takes a screenshot of the current page and embeds it into a log file.</doc>
<status status="PASS" start="2025-02-11T21:36:00.954748" elapsed="0.196087"/>
</kw>
<status status="PASS" start="2025-02-11T21:35:50.766004" elapsed="10.384936"/>
</kw>
<kw name="Click Link" owner="SeleniumLibrary">
<msg time="2025-02-11T21:36:01.151232" level="INFO">Clicking link '//a[@href="/web/index.php/admin/viewAdminModule"]'.</msg>
<arg>//a[@href="/web/index.php/admin/viewAdminModule"]</arg>
<doc>Clicks a link identified by ``locator``.</doc>
<status status="PASS" start="2025-02-11T21:36:01.151117" elapsed="0.604475"/>
</kw>
<kw name="Sleep" owner="BuiltIn">
<msg time="2025-02-11T21:36:04.758857" level="INFO">Slept 3 seconds.</msg>
<arg>3</arg>
<doc>Pauses the test executed for the given time.</doc>
<status status="PASS" start="2025-02-11T21:36:01.755810" elapsed="3.004765"/>
</kw>
<kw name="Element Should Be Visible" owner="SeleniumLibrary">
<msg time="2025-02-11T21:36:04.805378" level="INFO">Element '//h6[text()="User Management"]' is displayed.</msg>
<arg>//h6[text()="User Management"]</arg>
<doc>Verifies that the element identified by ``locator`` is visible.</doc>
<status status="PASS" start="2025-02-11T21:36:04.762799" elapsed="0.042656"/>
</kw>
<kw name="Sleep" owner="BuiltIn">
<msg time="2025-02-11T21:36:07.806112" level="INFO">Slept 3 seconds.</msg>
<arg>3</arg>
<doc>Pauses the test executed for the given time.</doc>
<status status="PASS" start="2025-02-11T21:36:04.805677" elapsed="3.000571"/>
</kw>
<tag>logar</tag>
<status status="PASS" start="2025-02-11T21:35:50.765712" elapsed="17.041441"/>
</test>
<status status="PASS" start="2025-02-11T21:35:50.668401" elapsed="17.139934"/>
</suite>
<statistics>
<total>
<stat pass="1" fail="0" skip="0">All Tests</stat>
</total>
<tag>
<stat pass="1" fail="0" skip="0">logar</stat>
</tag>
<suite>
<stat pass="1" fail="0" skip="0" id="s1" name="Start">Start</stat>
</suite>
</statistics>
<errors>
</errors>
</robot>
