<?xml version="1.0" encoding="UTF-8"?>
<robot generator="Robot 7.0 (Python 3.12.5 on darwin)" generated="2025-02-11T20:41:45.891840" rpa="false" schemaversion="5">
<suite id="s1" name="Start" source="/Users/noesis/PROJETOS/APPS/robot-web-tests/robotWeb/start.robot">
<test id="s1-t1" name="Analisando variaveis" line="33">
<kw name="Log To Console" owner="BuiltIn">
<arg>Noesis Academy</arg>
<doc>Logs the given message to the console.</doc>
<status status="PASS" start="2025-02-11T20:41:45.986227" elapsed="0.000090"/>
</kw>
<tag>var</tag>
<status status="PASS" start="2025-02-11T20:41:45.985779" elapsed="0.000624"/>
</test>
<status status="PASS" start="2025-02-11T20:41:45.893173" elapsed="0.093401"/>
</suite>
<statistics>
<total>
<stat pass="1" fail="0" skip="0">All Tests</stat>
</total>
<tag>
<stat pass="1" fail="0" skip="0">var</stat>
</tag>
<suite>
<stat pass="1" fail="0" skip="0" id="s1" name="Start">Start</stat>
</suite>
</statistics>
<errors>
</errors>
</robot>
